<?xml version="1.0" encoding="UTF-8"?>
<!-- Generated by org.testng.reporters.JUnitReportReporter -->
<testsuite hostname="ABOLI_WANSUTRE" failures="0" tests="2" name="TestAnnotations.AnnoBeforeclassandAfterClassTest" time="0.009" errors="0" timestamp="2023-12-19T15:55:21 IST" skipped="0">
  <testcase classname="TestAnnotations.AnnoBeforeclassandAfterClassTest" name="add2" time="0.003">
    <system-out>
      <![CDATA[Add2 is run ]]>
    </system-out>
  </testcase> <!-- add2 -->
  <testcase classname="TestAnnotations.AnnoBeforeclassandAfterClassTest" name="add1" time="0.006">
    <system-out>
      <![CDATA[Add1 is run]]>
    </system-out>
  </testcase> <!-- add1 -->
  <system-out>
    <![CDATA[Open page is browser
Before method is running
Add1 is run
After method is running
Before method is running
Add2 is run 
After method is running
Close page is browser]]>
  </system-out>
</testsuite> <!-- TestAnnotations.AnnoBeforeclassandAfterClassTest -->
