<?xml version="1.0" encoding="UTF-8"?>
<!-- Generated by org.testng.reporters.JUnitReportReporter -->
<testsuite hostname="ABOLI_WANSUTRE" failures="0" tests="4" name="testKeyWords.EnableKeyword" time="0.015" errors="0" timestamp="2023-12-20T22:04:31 IST" skipped="1">
  <testcase classname="testKeyWords.EnableKeyword" name="a" time="0.011">
    <system-out>
      <![CDATA[Testclass a is running]]>
    </system-out>
  </testcase> <!-- a -->
  <testcase classname="testKeyWords.EnableKeyword" name="b" time="0.002">
    <system-out>
      <![CDATA[Testclass b is running]]>
    </system-out>
  </testcase> <!-- b -->
  <testcase classname="testKeyWords.EnableKeyword" name="d" time="0.002">
    <system-out>
      <![CDATA[Testclass d is running]]>
    </system-out>
  </testcase> <!-- d -->
  <testcase classname="testKeyWords.EnableKeyword" name="c">
    <skipped/>
  </testcase> <!-- c -->
  <system-out>
    <![CDATA[Testclass a is running
Testclass b is running
Testclass d is running]]>
  </system-out>
</testsuite> <!-- testKeyWords.EnableKeyword -->
