<?xml version="1.0" encoding="UTF-8"?>
<!-- Generated by org.testng.reporters.JUnitReportReporter -->
<testsuite hostname="ABOLI_WANSUTRE" failures="0" tests="1" name="assertionTestcase.AssertTrueorFalse" time="0.016" errors="0" timestamp="2023-12-23T22:59:35 IST" skipped="0">
  <testcase classname="assertionTestcase.AssertTrueorFalse" name="Trueassert" time="0.016"/>
</testsuite> <!-- assertionTestcase.AssertTrueorFalse -->
