<?xml version="1.0" encoding="UTF-8"?>
<!-- Generated by org.testng.reporters.JUnitReportReporter -->
<testsuite hostname="ABOLI_WANSUTRE" failures="0" tests="1" name="assertionTestcase.EqualOrNotEqualUse" time="0.012" errors="0" timestamp="2023-12-23T22:50:02 IST" skipped="0">
  <testcase classname="assertionTestcase.EqualOrNotEqualUse" name="EqualclassorNot" time="0.012">
    <system-out>
      <![CDATA[Testcase is run]]>
    </system-out>
  </testcase> <!-- EqualclassorNot -->
  <system-out>
    <![CDATA[Testcase is run]]>
  </system-out>
</testsuite> <!-- assertionTestcase.EqualOrNotEqualUse -->
