<?xml version="1.0" encoding="UTF-8"?>
<!-- Generated by org.testng.reporters.JUnitReportReporter -->
<testsuite hostname="ABOLI_WANSUTRE" failures="0" tests="1" name="testxmlUsing.Xmlclass2" time="0.002" errors="0" timestamp="2023-12-22T15:48:35 IST" skipped="0">
  <testcase classname="testxmlUsing.Xmlclass2" name="Tc7" time="0.002">
    <system-out>
      <![CDATA[TEstclass7 is running]]>
    </system-out>
  </testcase> <!-- Tc7 -->
  <system-out>
    <![CDATA[TEstclass1 is running
TEstclass2 is running
TEstclass3 is running
TEstclass7 is running]]>
  </system-out>
</testsuite> <!-- testxmlUsing.Xmlclass2 -->
