<?xml version="1.0" encoding="UTF-8"?>
<!-- Generated by org.testng.reporters.JUnitReportReporter -->
<testsuite hostname="ABOLI_WANSUTRE" failures="0" tests="4" name="testKeyWords.Priority1" time="0.018" errors="0" timestamp="2023-12-20T22:01:28 IST" skipped="0">
  <testcase classname="testKeyWords.Priority1" name="z" time="0.011">
    <system-out>
      <![CDATA[Testclass z is running]]>
    </system-out>
  </testcase> <!-- z -->
  <testcase classname="testKeyWords.Priority1" name="x" time="0.002">
    <system-out>
      <![CDATA[Testclass x is running]]>
    </system-out>
  </testcase> <!-- x -->
  <testcase classname="testKeyWords.Priority1" name="y" time="0.003">
    <system-out>
      <![CDATA[Testclass y is running]]>
    </system-out>
  </testcase> <!-- y -->
  <testcase classname="testKeyWords.Priority1" name="s" time="0.002">
    <system-out>
      <![CDATA[Testclass s is running]]>
    </system-out>
  </testcase> <!-- s -->
  <system-out>
    <![CDATA[Testclass z is running
Testclass x is running
Testclass y is running
Testclass s is running]]>
  </system-out>
</testsuite> <!-- testKeyWords.Priority1 -->
