<?xml version="1.0" encoding="UTF-8"?>
<!-- Generated by org.testng.reporters.JUnitReportReporter -->
<testsuite hostname="ABOLI_WANSUTRE" failures="0" tests="2" name="TestAnnotations.TestAnnotations.TestClass1BeforeandafterSuite" time="0.009" errors="0" timestamp="2023-12-19T23:19:14 IST" skipped="0">
  <testcase classname="TestAnnotations.TestAnnotations.TestClass1BeforeandafterSuite" name="testclass2" time="0.002">
    <system-out>
      <![CDATA[tc2 is running]]>
    </system-out>
  </testcase> <!-- testclass2 -->
  <testcase classname="TestAnnotations.TestAnnotations.TestClass1BeforeandafterSuite" name="testclass1" time="0.007">
    <system-out>
      <![CDATA[tc1 is running]]>
    </system-out>
  </testcase> <!-- testclass1 -->
  <system-out>
    <![CDATA[before suite is running
before test is running
before class is running
before method is running
tc1 is running
after method is running
before method is running
tc2 is running
after method is running
after  class is running
after test is running
after suite is running]]>
  </system-out>
</testsuite> <!-- TestAnnotations.TestAnnotations.TestClass1BeforeandafterSuite -->
