<?xml version="1.0" encoding="UTF-8"?>
<!-- Generated by org.testng.reporters.JUnitReportReporter -->
<testsuite hostname="ABOLI_WANSUTRE" failures="0" tests="2" name="dataProvider.CBTest" time="23.196" errors="0" timestamp="2024-01-05T17:27:01 IST" skipped="0">
  <testcase classname="dataProvider.CBTest" name="f" time="7.588"/>
  <testcase classname="dataProvider.CBTest" name="f" time="15.608"/>
</testsuite> <!-- dataProvider.CBTest -->
