<?xml version="1.0" encoding="UTF-8"?>
<!-- Generated by org.testng.reporters.JUnitReportReporter -->
<testsuite hostname="ABOLI_WANSUTRE" failures="0" tests="1" name="testNGCrossBrowser.FireFoxBrowseUse" time="15.631" errors="0" timestamp="2023-12-26T17:09:40 IST" skipped="0">
  <testcase classname="testNGCrossBrowser.FireFoxBrowseUse" name="CheckFireFoxBrowser" time="15.631"/>
</testsuite> <!-- testNGCrossBrowser.FireFoxBrowseUse -->
