<?xml version="1.0" encoding="UTF-8"?>
<!-- Generated by org.testng.reporters.JUnitReportReporter -->
<testsuite hostname="ABOLI_WANSUTRE" failures="0" tests="4" name="dataProvider.FBAccountFrom" time="47.593" errors="0" timestamp="2024-01-05T16:57:54 IST" skipped="0">
  <testcase classname="dataProvider.FBAccountFrom" name="fbtesting" time="10.371"/>
  <testcase classname="dataProvider.FBAccountFrom" name="fbtesting" time="15.403"/>
  <testcase classname="dataProvider.FBAccountFrom" name="fbtesting" time="10.607"/>
  <testcase classname="dataProvider.FBAccountFrom" name="fbtesting" time="11.212"/>
</testsuite> <!-- dataProvider.FBAccountFrom -->
