<?xml version="1.0" encoding="UTF-8"?>
<!-- Generated by org.testng.reporters.JUnitReportReporter -->
<testsuite hostname="ABOLI_WANSUTRE" failures="0" tests="3" name="testxmlUsing.Xmlclass1" time="0.011" errors="0" timestamp="2023-12-22T15:48:34 IST" skipped="0">
  <testcase classname="testxmlUsing.Xmlclass1" name="Tc1" time="0.009">
    <system-out>
      <![CDATA[TEstclass1 is running]]>
    </system-out>
  </testcase> <!-- Tc1 -->
  <testcase classname="testxmlUsing.Xmlclass1" name="Tc2" time="0.001">
    <system-out>
      <![CDATA[TEstclass2 is running]]>
    </system-out>
  </testcase> <!-- Tc2 -->
  <testcase classname="testxmlUsing.Xmlclass1" name="Tc3" time="0.001">
    <system-out>
      <![CDATA[TEstclass3 is running]]>
    </system-out>
  </testcase> <!-- Tc3 -->
  <system-out>
    <![CDATA[TEstclass1 is running
TEstclass2 is running
TEstclass3 is running
TEstclass7 is running]]>
  </system-out>
</testsuite> <!-- testxmlUsing.Xmlclass1 -->
