<?xml version="1.0" encoding="UTF-8"?>
<!-- Generated by org.testng.reporters.JUnitReportReporter -->
<testsuite hostname="ABOLI_WANSUTRE" failures="0" tests="1" name="dataProvider.FBAccountFormUsing_XML" time="12.534" errors="0" timestamp="2024-01-05T17:24:40 IST" skipped="0">
  <testcase classname="dataProvider.FBAccountFormUsing_XML" name="fbTest" time="12.534"/>
</testsuite> <!-- dataProvider.FBAccountFormUsing_XML -->
