<?xml version="1.0" encoding="UTF-8"?>
<!-- Generated by org.testng.reporters.JUnitReportReporter -->
<testsuite hostname="ABOLI_WANSUTRE" failures="0" tests="1" name="serialandparallel.FacebookUse" time="5.113" errors="0" timestamp="2023-12-24T20:23:52 IST" skipped="0">
  <testcase classname="serialandparallel.FacebookUse" name="Facebook" time="5.113"/>
</testsuite> <!-- serialandparallel.FacebookUse -->
