<?xml version="1.0" encoding="UTF-8"?>
<!-- Generated by org.testng.reporters.JUnitReportReporter -->
<testsuite hostname="ABOLI_WANSUTRE" failures="0" tests="2" name="TestAnnotations.testAnnotations1" time="0.015" errors="0" timestamp="2023-12-19T15:44:55 IST" skipped="0">
  <testcase classname="TestAnnotations.testAnnotations1" name="mymethod2" time="0.010">
    <system-out>
      <![CDATA[Test case mymethod2 is run ]]>
    </system-out>
  </testcase> <!-- mymethod2 -->
  <testcase classname="TestAnnotations.testAnnotations1" name="mymethod1" time="0.005">
    <system-out>
      <![CDATA[Test case mymethod1 is run]]>
    </system-out>
  </testcase> <!-- mymethod1 -->
  <system-out>
    <![CDATA[Login page is done
Test case mymethod1 is run
logout page is done
Login page is done
Test case mymethod2 is run 
logout page is done]]>
  </system-out>
</testsuite> <!-- TestAnnotations.testAnnotations1 -->
