<?xml version="1.0" encoding="UTF-8"?>
<!-- Generated by org.testng.reporters.JUnitReportReporter -->
<testsuite hostname="ABOLI_WANSUTRE" failures="0" tests="2" name="TestAnnotations.TestAnnotations.TestClass2" time="0.013" errors="0" timestamp="2023-12-19T23:18:59 IST" skipped="0">
  <testcase classname="TestAnnotations.TestAnnotations.TestClass2" name="testclass3" time="0.009">
    <system-out>
      <![CDATA[tc3 is running]]>
    </system-out>
  </testcase> <!-- testclass3 -->
  <testcase classname="TestAnnotations.TestAnnotations.TestClass2" name="testclass4" time="0.004">
    <system-out>
      <![CDATA[tc4 is running]]>
    </system-out>
  </testcase> <!-- testclass4 -->
  <system-out>
    <![CDATA[before test is running
before class is running
before method is running
tc3 is running
after method is running
before method is running
tc4 is running
after method is running
after  class is running
after test is running]]>
  </system-out>
</testsuite> <!-- TestAnnotations.TestAnnotations.TestClass2 -->
