<?xml version="1.0" encoding="UTF-8"?>
<!-- Generated by org.testng.reporters.JUnitReportReporter -->
<testsuite hostname="ABOLI_WANSUTRE" failures="0" tests="1" name="NewJavaTestNg.TestNGClass1" time="6.782" errors="0" timestamp="2023-12-19T13:13:20 IST" skipped="0">
  <testcase classname="NewJavaTestNg.TestNGClass1" name="mytest" time="6.782"/>
</testsuite> <!-- NewJavaTestNg.TestNGClass1 -->
