<?xml version="1.0" encoding="UTF-8"?>
<!-- Generated by org.testng.reporters.JUnitReportReporter -->
<testsuite hostname="ABOLI_WANSUTRE" failures="0" tests="1" name="assertionTestcase.NullNotNullUse" time="0.011" errors="0" timestamp="2023-12-23T23:07:03 IST" skipped="0">
  <testcase classname="assertionTestcase.NullNotNullUse" name="Not" time="0.011"/>
</testsuite> <!-- assertionTestcase.NullNotNullUse -->
