<?xml version="1.0" encoding="UTF-8"?>
<!-- Generated by org.testng.reporters.JUnitReportReporter -->
<testsuite hostname="ABOLI_WANSUTRE" failures="0" tests="1" name="testKeyWords.TimeoutKeywordTest" time="0.127" errors="0" timestamp="2023-12-20T21:57:35 IST" skipped="0">
  <testcase classname="testKeyWords.TimeoutKeywordTest" name="salary" time="0.127">
    <system-out>
      <![CDATA[Salary is done]]>
    </system-out>
  </testcase> <!-- salary -->
  <system-out>
    <![CDATA[Salary is done]]>
  </system-out>
</testsuite> <!-- testKeyWords.TimeoutKeywordTest -->
