<?xml version="1.0" encoding="UTF-8"?>
<!-- Generated by org.testng.reporters.JUnitReportReporter -->
<testsuite hostname="ABOLI_WANSUTRE" failures="0" tests="4" name="testKeyWords.PriorityUsingkeyword" time="0.014" errors="0" timestamp="2023-12-20T21:21:58 IST" skipped="0">
  <testcase classname="testKeyWords.PriorityUsingkeyword" name="a" time="0.008">
    <system-out>
      <![CDATA[TestClass a is running]]>
    </system-out>
  </testcase> <!-- a -->
  <testcase classname="testKeyWords.PriorityUsingkeyword" name="b" time="0.002">
    <system-out>
      <![CDATA[Testclass b is running]]>
    </system-out>
  </testcase> <!-- b -->
  <testcase classname="testKeyWords.PriorityUsingkeyword" name="c" time="0.002">
    <system-out>
      <![CDATA[Testclass c is running]]>
    </system-out>
  </testcase> <!-- c -->
  <testcase classname="testKeyWords.PriorityUsingkeyword" name="d" time="0.002">
    <system-out>
      <![CDATA[Testclass d is running]]>
    </system-out>
  </testcase> <!-- d -->
  <system-out>
    <![CDATA[TestClass a is running
Testclass d is running
Testclass b is running
Testclass c is running]]>
  </system-out>
</testsuite> <!-- testKeyWords.PriorityUsingkeyword -->
