<?xml version="1.0" encoding="UTF-8"?>
<!-- Generated by org.testng.reporters.JUnitReportReporter -->
<testsuite hostname="ABOLI_WANSUTRE" failures="0" tests="5" name="testKeyWords.InvocationcountKeywordTest" time="0.013" errors="0" timestamp="2023-12-20T21:27:36 IST" skipped="0">
  <testcase classname="testKeyWords.InvocationcountKeywordTest" name="a" time="0.008">
    <system-out>
      <![CDATA[TestClass a is running]]>
    </system-out>
  </testcase> <!-- a -->
  <testcase classname="testKeyWords.InvocationcountKeywordTest" name="c" time="0.001">
    <system-out>
      <![CDATA[TestClass c is running]]>
    </system-out>
  </testcase> <!-- c -->
  <testcase classname="testKeyWords.InvocationcountKeywordTest" name="b" time="0.002">
    <system-out>
      <![CDATA[TestClass b is running]]>
    </system-out>
  </testcase> <!-- b -->
  <testcase classname="testKeyWords.InvocationcountKeywordTest" name="c" time="0.001">
    <system-out>
      <![CDATA[TestClass c is running]]>
    </system-out>
  </testcase> <!-- c -->
  <testcase classname="testKeyWords.InvocationcountKeywordTest" name="c" time="0.001">
    <system-out>
      <![CDATA[TestClass c is running]]>
    </system-out>
  </testcase> <!-- c -->
  <system-out>
    <![CDATA[TestClass a is running
TestClass b is running
TestClass c is running
TestClass c is running
TestClass c is running]]>
  </system-out>
</testsuite> <!-- testKeyWords.InvocationcountKeywordTest -->
